<?xml version="1.0" encoding="UTF-8"?>
<robot generator="Robot 5.0 (Python 3.9.7 on win32)" generated="20220517 11:38:46.707" rpa="false" schemaversion="3">
<suite id="s1" name="Robot Interactive Console" source="c:\Users\edils\.vscode\extensions\robocorp.robotframework-lsp-0.46.0\src\robotframework_ls\vendored\robotframework_interactive\robot_interactive_console.robot">
<test id="s1-t1" name="Default Task/Test" line="5">
<kw name="Interpreter Main Loop" library="MainLoop">
<status status="PASS" starttime="20220517 11:38:46.736" endtime="20220517 11:38:49.672"/>
</kw>
<status status="PASS" starttime="20220517 11:38:46.735" endtime="20220517 11:38:49.672"/>
</test>
<status status="PASS" starttime="20220517 11:38:46.709" endtime="20220517 11:38:49.675"/>
</suite>
<statistics>
<total>
<stat pass="1" fail="0" skip="0">All Tests</stat>
</total>
<tag>
</tag>
<suite>
<stat pass="1" fail="0" skip="0" id="s1" name="Robot Interactive Console">Robot Interactive Console</stat>
</suite>
</statistics>
<errors>
</errors>
</robot>
